[debug] [2022-05-31T06:46:53.389Z] ----------------------------------------------------------------------
[debug] [2022-05-31T06:46:53.390Z] Command:       C:\Program Files\nodejs\node.exe C:\Users\chitr\AppData\Roaming\npm\node_modules\firebase-tools\lib\bin\firebase.js init
[debug] [2022-05-31T06:46:53.391Z] CLI Version:   11.0.1
[debug] [2022-05-31T06:46:53.391Z] Platform:      win32
[debug] [2022-05-31T06:46:53.391Z] Node Version:  v16.15.0
[debug] [2022-05-31T06:46:53.392Z] Time:          Tue May 31 2022 12:16:53 GMT+0530 (India Standard Time)
[debug] [2022-05-31T06:46:53.392Z] ----------------------------------------------------------------------
[debug] 
[debug] [2022-05-31T06:46:53.450Z] > command requires scopes: ["email","openid","https://www.googleapis.com/auth/cloudplatformprojects.readonly","https://www.googleapis.com/auth/firebase","https://www.googleapis.com/auth/cloud-platform"]
[debug] [2022-05-31T06:46:53.450Z] > authorizing via signed-in user (chitransh.sudhir@gmail.com)
[info] 
     ######## #### ########  ######## ########     ###     ######  ########
     ##        ##  ##     ## ##       ##     ##  ##   ##  ##       ##
     ######    ##  ########  ######   ########  #########  ######  ######
     ##        ##  ##    ##  ##       ##     ## ##     ##       ## ##
     ##       #### ##     ## ######## ########  ##     ##  ######  ########

You're about to initialize a Firebase project in this directory:

  D:\spotify-clone

Before we get started, keep in mind:

  * You are initializing within an existing Firebase project directory

